<?xml version="1.0" encoding="UTF-8"?>
<testng-results ignored="0" total="2" passed="2" failed="0" skipped="0">
  <reporter-output>
  </reporter-output>
  <suite started-at="2022-02-17T20:51:54 IST" name="Default suite" finished-at="2022-02-17T20:51:54 IST" duration-ms="152">
    <groups>
    </groups>
    <test started-at="2022-02-17T20:51:54 IST" name="Default test" finished-at="2022-02-17T20:51:54 IST" duration-ms="152">
      <class name="tests.PRacticeTestclss">
        <test-method is-config="true" signature="login()[pri:0, instance:tests.PRacticeTestclss@62150f9e]" started-at="2022-02-17T20:51:54 IST" name="login" finished-at="2022-02-17T20:51:54 IST" duration-ms="34" status="PASS">
          <reporter-output>
          </reporter-output>
        </test-method> <!-- login -->
        <test-method is-config="true" signature="beforeMethof()[pri:0, instance:tests.PRacticeTestclss@62150f9e]" started-at="2022-02-17T20:51:54 IST" name="beforeMethof" finished-at="2022-02-17T20:51:54 IST" duration-ms="1" status="PASS">
          <reporter-output>
          </reporter-output>
        </test-method> <!-- beforeMethof -->
        <test-method signature="secondTest()[pri:0, instance:tests.PRacticeTestclss@62150f9e]" started-at="2022-02-17T20:51:54 IST" name="secondTest" finished-at="2022-02-17T20:51:54 IST" duration-ms="16" status="PASS">
          <reporter-output>
          </reporter-output>
        </test-method> <!-- secondTest -->
        <test-method is-config="true" signature="afterMethod()[pri:0, instance:tests.PRacticeTestclss@62150f9e]" started-at="2022-02-17T20:51:54 IST" name="afterMethod" finished-at="2022-02-17T20:51:54 IST" duration-ms="1" status="PASS">
          <reporter-output>
          </reporter-output>
        </test-method> <!-- afterMethod -->
        <test-method is-config="true" signature="beforeMethof()[pri:0, instance:tests.PRacticeTestclss@62150f9e]" started-at="2022-02-17T20:51:54 IST" name="beforeMethof" finished-at="2022-02-17T20:51:54 IST" duration-ms="1" status="PASS">
          <reporter-output>
          </reporter-output>
        </test-method> <!-- beforeMethof -->
        <test-method signature="tsstClass()[pri:0, instance:tests.PRacticeTestclss@62150f9e]" started-at="2022-02-17T20:51:54 IST" name="tsstClass" finished-at="2022-02-17T20:51:54 IST" duration-ms="2" status="PASS">
          <reporter-output>
          </reporter-output>
        </test-method> <!-- tsstClass -->
        <test-method is-config="true" signature="afterMethod()[pri:0, instance:tests.PRacticeTestclss@62150f9e]" started-at="2022-02-17T20:51:54 IST" name="afterMethod" finished-at="2022-02-17T20:51:54 IST" duration-ms="1" status="PASS">
          <reporter-output>
          </reporter-output>
        </test-method> <!-- afterMethod -->
        <test-method is-config="true" signature="afterClass()[pri:0, instance:tests.PRacticeTestclss@62150f9e]" started-at="2022-02-17T20:51:54 IST" name="afterClass" finished-at="2022-02-17T20:51:54 IST" duration-ms="0" status="PASS">
          <reporter-output>
          </reporter-output>
        </test-method> <!-- afterClass -->
      </class> <!-- tests.PRacticeTestclss -->
    </test> <!-- Default test -->
  </suite> <!-- Default suite -->
</testng-results>
